0 info it worked if it ends with ok
1 verbose cli [ '/usr/local/bin/node', '/usr/local/bin/npm', 'start' ]
<<<<<<< HEAD
2 info using npm@2.14.7
3 info using node@v4.2.0
4 verbose run-script [ 'prestart', 'start', 'poststart' ]
5 info prestart 6170-notes@0.0.0
6 info start 6170-notes@0.0.0
7 verbose unsafe-perm in lifecycle true
8 info 6170-notes@0.0.0 Failed to exec start script
9 verbose stack Error: 6170-notes@0.0.0 start: `node ./bin/www`
9 verbose stack Exit status 1
9 verbose stack     at EventEmitter.<anonymous> (/usr/local/lib/node_modules/npm/lib/utils/lifecycle.js:214:16)
9 verbose stack     at emitTwo (events.js:87:13)
9 verbose stack     at EventEmitter.emit (events.js:172:7)
9 verbose stack     at ChildProcess.<anonymous> (/usr/local/lib/node_modules/npm/lib/utils/spawn.js:24:14)
9 verbose stack     at emitTwo (events.js:87:13)
9 verbose stack     at ChildProcess.emit (events.js:172:7)
9 verbose stack     at maybeClose (internal/child_process.js:818:16)
9 verbose stack     at Process.ChildProcess._handle.onexit (internal/child_process.js:211:5)
10 verbose pkgid 6170-notes@0.0.0
11 verbose cwd /Users/kimheeyoon/Documents/1 MIT/1 Year 3 Fall/6.170/cintern
12 error Darwin 14.0.0
13 error argv "/usr/local/bin/node" "/usr/local/bin/npm" "start"
14 error node v4.2.0
15 error npm  v2.14.7
16 error code ELIFECYCLE
17 error 6170-notes@0.0.0 start: `node ./bin/www`
17 error Exit status 1
18 error Failed at the 6170-notes@0.0.0 start script 'node ./bin/www'.
18 error This is most likely a problem with the 6170-notes package,
18 error not with npm itself.
18 error Tell the author that this fails on your system:
18 error     node ./bin/www
18 error You can get their info via:
18 error     npm owner ls 6170-notes
18 error There is likely additional logging output above.
19 verbose exit [ 1, true ]
=======
2 info using npm@2.14.4
3 info using node@v4.1.1
4 verbose stack Error: ENOENT: no such file or directory, open '/Users/mdawson/Documents/MIT/15-16/Fall/6.170/lyndat_heeyoon_mdd_jennwu_final/package.json'
4 verbose stack     at Error (native)
5 verbose cwd /Users/mdawson/Documents/MIT/15-16/Fall/6.170/lyndat_heeyoon_mdd_jennwu_final
6 error Darwin 13.4.0
7 error argv "/usr/local/bin/node" "/usr/local/bin/npm" "start"
8 error node v4.1.1
9 error npm  v2.14.4
10 error path /Users/mdawson/Documents/MIT/15-16/Fall/6.170/lyndat_heeyoon_mdd_jennwu_final/package.json
11 error code ENOENT
12 error errno -2
13 error syscall open
14 error enoent ENOENT: no such file or directory, open '/Users/mdawson/Documents/MIT/15-16/Fall/6.170/lyndat_heeyoon_mdd_jennwu_final/package.json'
14 error enoent This is most likely not a problem with npm itself
14 error enoent and is related to npm not being able to find a file.
15 verbose exit [ -2, true ]
>>>>>>> b6f78026054d8c59997a2291dc7266755ed2a6f8
